<?xml version="1.0" encoding="UTF-8"?>
<coverage generated="1667300999663" clover="3.2.0">
  <project timestamp="1667300999663" name="All files">
    <metrics statements="18" coveredstatements="18" conditionals="6" coveredconditionals="5" methods="8" coveredmethods="8" elements="32" coveredelements="31" complexity="0" loc="18" ncloc="18" packages="1" files="1" classes="1"/>
    <file name="index.tsx" path="/Users/samuellima/Documents/ignite-template-react-native-savepass/src/screens/Home/index.tsx">
      <metrics statements="18" coveredstatements="18" conditionals="6" coveredconditionals="5" methods="8" coveredmethods="8"/>
      <line num="27" count="8" type="stmt"/>
      <line num="28" count="8" type="stmt"/>
      <line num="29" count="8" type="stmt"/>
      <line num="32" count="2" type="stmt"/>
      <line num="33" count="2" type="stmt"/>
      <line num="34" count="2" type="cond" truecount="1" falsecount="1"/>
      <line num="35" count="2" type="stmt"/>
      <line num="36" count="2" type="stmt"/>
      <line num="41" count="1" type="stmt"/>
      <line num="42" count="2" type="cond" truecount="2" falsecount="0"/>
      <line num="43" count="1" type="stmt"/>
      <line num="47" count="1" type="stmt"/>
      <line num="52" count="1" type="stmt"/>
      <line num="55" count="8" type="stmt"/>
      <line num="57" count="2" type="stmt"/>
      <line num="61" count="8" type="stmt"/>
      <line num="89" count="26" type="stmt"/>
      <line num="92" count="11" type="stmt"/>
    </file>
  </project>
</coverage>
