{"/Users/samuellima/Documents/ignite-template-react-native-savepass/src/screens/Home/index.tsx": {"path":"/Users/samuellima/Documents/ignite-template-react-native-savepass/src/screens/Home/index.tsx","statementMap":{"0":{"start":{"line":27,"column":38},"end":{"line":27,"column":50}},"1":{"start":{"line":28,"column":46},"end":{"line":28,"column":78}},"2":{"start":{"line":29,"column":26},"end":{"line":29,"column":58}},"3":{"start":{"line":32,"column":20},"end":{"line":32,"column":38}},"4":{"start":{"line":33,"column":17},"end":{"line":33,"column":52}},"5":{"start":{"line":34,"column":21},"end":{"line":34,"column":43}},"6":{"start":{"line":35,"column":4},"end":{"line":35,"column":32}},"7":{"start":{"line":36,"column":4},"end":{"line":36,"column":22}},"8":{"start":{"line":41,"column":23},"end":{"line":45,"column":6}},"9":{"start":{"line":42,"column":6},"end":{"line":44,"column":7}},"10":{"start":{"line":43,"column":8},"end":{"line":43,"column":20}},"11":{"start":{"line":47,"column":4},"end":{"line":47,"column":34}},"12":{"start":{"line":52,"column":4},"end":{"line":52,"column":24}},"13":{"start":{"line":55,"column":2},"end":{"line":59,"column":4}},"14":{"start":{"line":57,"column":6},"end":{"line":57,"column":17}},"15":{"start":{"line":61,"column":2},"end":{"line":103,"column":4}},"16":{"start":{"line":89,"column":34},"end":{"line":89,"column":41}},"17":{"start":{"line":92,"column":12},"end":{"line":98,"column":14}}},"fnMap":{"0":{"name":"Home","decl":{"start":{"line":26,"column":16},"end":{"line":26,"column":20}},"loc":{"start":{"line":26,"column":23},"end":{"line":104,"column":1}},"line":26},"1":{"name":"loadData","decl":{"start":{"line":31,"column":17},"end":{"line":31,"column":25}},"loc":{"start":{"line":31,"column":28},"end":{"line":38,"column":3}},"line":31},"2":{"name":"handleFilterLoginData","decl":{"start":{"line":40,"column":11},"end":{"line":40,"column":32}},"loc":{"start":{"line":40,"column":35},"end":{"line":49,"column":3}},"line":40},"3":{"name":"(anonymous_3)","decl":{"start":{"line":41,"column":45},"end":{"line":41,"column":46}},"loc":{"start":{"line":41,"column":55},"end":{"line":45,"column":5}},"line":41},"4":{"name":"handleChangeInputText","decl":{"start":{"line":51,"column":11},"end":{"line":51,"column":32}},"loc":{"start":{"line":51,"column":47},"end":{"line":53,"column":3}},"line":51},"5":{"name":"(anonymous_5)","decl":{"start":{"line":56,"column":16},"end":{"line":56,"column":17}},"loc":{"start":{"line":56,"column":22},"end":{"line":58,"column":5}},"line":56},"6":{"name":"(anonymous_6)","decl":{"start":{"line":89,"column":24},"end":{"line":89,"column":25}},"loc":{"start":{"line":89,"column":34},"end":{"line":89,"column":41}},"line":89},"7":{"name":"(anonymous_7)","decl":{"start":{"line":91,"column":22},"end":{"line":91,"column":23}},"loc":{"start":{"line":91,"column":47},"end":{"line":99,"column":11}},"line":91}},"branchMap":{"0":{"loc":{"start":{"line":34,"column":32},"end":{"line":34,"column":42}},"type":"binary-expr","locations":[{"start":{"line":34,"column":32},"end":{"line":34,"column":36}},{"start":{"line":34,"column":40},"end":{"line":34,"column":42}}],"line":34},"1":{"loc":{"start":{"line":42,"column":6},"end":{"line":44,"column":7}},"type":"if","locations":[{"start":{"line":42,"column":6},"end":{"line":44,"column":7}},{"start":{},"end":{}}],"line":42},"2":{"loc":{"start":{"line":82,"column":13},"end":{"line":84,"column":36}},"type":"cond-expr","locations":[{"start":{"line":83,"column":16},"end":{"line":83,"column":73}},{"start":{"line":84,"column":16},"end":{"line":84,"column":36}}],"line":82}},"s":{"0":8,"1":8,"2":8,"3":2,"4":2,"5":2,"6":2,"7":2,"8":1,"9":2,"10":1,"11":1,"12":1,"13":8,"14":2,"15":8,"16":26,"17":11},"f":{"0":8,"1":2,"2":1,"3":2,"4":1,"5":2,"6":26,"7":11},"b":{"0":[2,0],"1":[1,1],"2":[6,2]},"_coverageSchema":"1a1c01bbd47fc00a2c39e90264f33305004495a9","hash":"c005ff9dbec172f0cdf4a392ac208d479f62291f"}
}
