TN:
SF:src/screens/Home/index.tsx
FN:26,Home
FN:31,loadData
FN:40,handleFilterLoginData
FN:41,(anonymous_3)
FN:51,handleChangeInputText
FN:56,(anonymous_5)
FN:89,(anonymous_6)
FN:91,(anonymous_7)
FNF:8
FNH:8
FNDA:8,Home
FNDA:2,loadData
FNDA:1,handleFilterLoginData
FNDA:2,(anonymous_3)
FNDA:1,handleChangeInputText
FNDA:2,(anonymous_5)
FNDA:26,(anonymous_6)
FNDA:11,(anonymous_7)
DA:27,8
DA:28,8
DA:29,8
DA:32,2
DA:33,2
DA:34,2
DA:35,2
DA:36,2
DA:41,1
DA:42,2
DA:43,1
DA:47,1
DA:52,1
DA:55,8
DA:57,2
DA:61,8
DA:89,26
DA:92,11
LF:18
LH:18
BRDA:34,0,0,2
BRDA:34,0,1,0
BRDA:42,1,0,1
BRDA:42,1,1,1
BRDA:82,2,0,6
BRDA:82,2,1,2
BRF:6
BRH:5
end_of_record
